[debug] [2021-02-17T01:29:23.281Z] ----------------------------------------------------------------------
[debug] [2021-02-17T01:29:23.283Z] Command:       /usr/local/Cellar/node/15.7.0/bin/node /usr/local/bin/firebase init
[debug] [2021-02-17T01:29:23.283Z] CLI Version:   9.4.0
[debug] [2021-02-17T01:29:23.283Z] Platform:      darwin
[debug] [2021-02-17T01:29:23.283Z] Node Version:  v15.7.0
[debug] [2021-02-17T01:29:23.285Z] Time:          Tue Feb 16 2021 20:29:23 GMT-0500 (Eastern Standard Time)
[debug] [2021-02-17T01:29:23.285Z] ----------------------------------------------------------------------
[debug] [2021-02-17T01:29:23.285Z] 
[debug] [2021-02-17T01:29:23.291Z] > command requires scopes: ["email","openid","https://www.googleapis.com/auth/cloudplatformprojects.readonly","https://www.googleapis.com/auth/firebase","https://www.googleapis.com/auth/cloud-platform"]
[debug] [2021-02-17T01:29:23.292Z] > authorizing via signed-in user
[info] 
     ######## #### ########  ######## ########     ###     ######  ########
     ##        ##  ##     ## ##       ##     ##  ##   ##  ##       ##
     ######    ##  ########  ######   ########  #########  ######  ######
     ##        ##  ##    ##  ##       ##     ## ##     ##       ## ##
     ##       #### ##     ## ######## ########  ##     ##  ######  ########

You're about to initialize a Firebase project in this directory:

  /Users/scottmchenry/Projects/phorward.org

Before we get started, keep in mind:

  * You are initializing in an existing Firebase project directory

[info] 
=== Project Setup
[info] 
[info] First, let's associate this project directory with a Firebase project.
[info] You can create multiple project aliases by running firebase use --add, 
[info] but for now we'll just set up a default project.
[info] 
[info] i  .firebaserc already has a default project, using phorward-org. 
[debug] [2021-02-17T01:29:39.515Z] >>> [apiv2][query] GET https://firebase.googleapis.com/v1beta1/projects/phorward-org [none]
[debug] [2021-02-17T01:29:39.793Z] <<< [apiv2][status] GET https://firebase.googleapis.com/v1beta1/projects/phorward-org 200
[debug] [2021-02-17T01:29:39.793Z] <<< [apiv2][body] GET https://firebase.googleapis.com/v1beta1/projects/phorward-org {"projectId":"phorward-org","projectNumber":"1081679366926","displayName":"phorward","name":"projects/phorward-org","resources":{"hostingSite":"phorward-org"},"state":"ACTIVE"}
[info] 
=== Hosting Setup
[info] 
[info] Your public directory is the folder (relative to your project directory) that
[info] will contain Hosting assets to be uploaded with firebase deploy. If you
[info] have a build process for your assets, use your build's output directory.
[info] 
[debug] [2021-02-17T01:29:47.282Z] >>> [apiv2][query] GET https://www.gstatic.com/firebasejs/releases.json [none]
[debug] [2021-02-17T01:29:47.387Z] <<< [apiv2][status] GET https://www.gstatic.com/firebasejs/releases.json 200
[debug] [2021-02-17T01:29:47.388Z] <<< [apiv2][body] GET https://www.gstatic.com/firebasejs/releases.json {"current":{"version":"8.2.7","browserURL":"https://www.gstatic.com/firebasejs/8.2.7/firebase.js","packageURL":"https://www.gstatic.com/firebasejs/8.2.7/firebase.tgz"},"live":{"version":"8.2","browserURL":"https://www.gstatic.com/firebasejs/live/8.2/firebase.js","packageURL":"https://www.gstatic.com/firebasejs/live/8.2/firebase.tgz"},"components":{"analytics":"https://www.gstatic.com/firebasejs/8.2.7/firebase-analytics.js","app":"https://www.gstatic.com/firebasejs/8.2.7/firebase-app.js","auth":"https://www.gstatic.com/firebasejs/8.2.7/firebase-auth.js","database":"https://www.gstatic.com/firebasejs/8.2.7/firebase-database.js","firestore":"https://www.gstatic.com/firebasejs/8.2.7/firebase-firestore.js","functions":"https://www.gstatic.com/firebasejs/8.2.7/firebase-functions.js","installations":"https://www.gstatic.com/firebasejs/8.2.7/firebase-installations.js","messaging":"https://www.gstatic.com/firebasejs/8.2.7/firebase-messaging.js","storage":"https://www.gstatic.com/firebasejs/8.2.7/firebase-storage.js","performance":"https://www.gstatic.com/firebasejs/8.2.7/firebase-performance.js","remote-config":"https://www.gstatic.com/firebasejs/8.2.7/firebase-remote-config.js","firestore.memory":"https://www.gstatic.com/firebasejs/8.2.7/firebase-firestore.memory.js"}}
[info] ✔  Wrote build/index.html 
[info] 
[info] i  Detected a .git folder at /Users/scottmchenry/Projects/phorward.org 
[info] i  Authorizing with GitHub to upload your service account to a GitHub repository's secrets store. 
[info] 
[info] Visit this URL on this device to log in:
[info] https://github.com/login/oauth/authorize?client_id=89cf50f02ac6aaed3484&state=540094357&redirect_uri=http%3A%2F%2Flocalhost%3A9005&scope=read%3Auser%20repo%20public_repo
[info] 
[info] Waiting for authentication...
[debug] [2021-02-17T01:29:47.912Z] >>> HTTP REQUEST POST https://github.com/login/oauth/access_token  
 {"client_id":"89cf50f02ac6aaed3484","client_secret":"3330d14abc895d9a74d5f17cd7a00711fa2c5bf0","code":"3e329bbb0ae240a2dbe2","redirect_uri":"http://localhost:9005","state":"540094357"}
[debug] [2021-02-17T01:29:48.694Z] <<< HTTP RESPONSE 200 {"server":"GitHub.com","date":"Wed, 17 Feb 2021 01:29:48 GMT","content-type":"application/json; charset=utf-8","transfer-encoding":"chunked","link":"<https://github.githubassets.com/assets/chunk-frameworks-aaac5e7e.js>; integrity=sha512-qqxefjEZzhP8x0ed+F3sDEdSogyDs+0ThK6EYXtqye9PJ26t5C996Q9EuRBr+296TAbc1rimsOSeZjZXJac1cA==; rel=preload; crossorigin=anonymous; as=script,<https://github.githubassets.com/assets/chunk-vendor-6594a208.js>; integrity=sha512-ZZSiCHJ85gkTIyggKfuBXsl3a7e+GPhw6iUguJ6eki2dXkGnOFBpQlUUG+gcTSJzgE8ii1cYyM7aLYXZeSeDbA==; rel=preload; crossorigin=anonymous; as=script,<https://github.githubassets.com/assets/behaviors-bf28db4d.js>; integrity=sha512-vyjbTdEGTiemoiT41KyVSh3+NxJv285wa1qlccyGrTsQsAAvhBSUrT0t1LZbJVEfccSTx+zLAyTekiljOX2wKA==; rel=preload; crossorigin=anonymous; as=script,<https://github.githubassets.com/assets/environment-f0adafbf.js>; integrity=sha512-8K2vvwbW+6H27Nad5ydg8PA2/aMD/LKq+EiK9s0U0hhVZxCI2tWBsYk9beAtisRw2j+Or5k2/F+6dk02nmj/PA==; rel=preload; crossorigin=anonymous; as=script","vary":"X-PJAX, Accept-Encoding, Accept, X-Requested-With","etag":"W/\"fe9062767eb03b53a48168e10f090bc8\"","cache-control":"max-age=0, private, must-revalidate","strict-transport-security":"max-age=31536000; includeSubdomains; preload","x-frame-options":"deny","x-content-type-options":"nosniff","x-xss-protection":"1; mode=block","referrer-policy":"origin-when-cross-origin, strict-origin-when-cross-origin","expect-ct":"max-age=2592000, report-uri=\"https://api.github.com/_private/browser/errors\"","content-security-policy":"default-src 'none'; base-uri 'self'; block-all-mixed-content; connect-src 'self' uploads.github.com www.githubstatus.com collector.githubapp.com api.github.com github-cloud.s3.amazonaws.com github-production-repository-file-5c1aeb.s3.amazonaws.com github-production-upload-manifest-file-7fdce7.s3.amazonaws.com github-production-user-asset-6210df.s3.amazonaws.com cdn.optimizely.com logx.optimizely.com/v1/events wss://alive.github.com; font-src github.githubassets.com; form-action 'self' github.com gist.github.com; frame-ancestors 'none'; frame-src render.githubusercontent.com; img-src 'self' data: github.githubassets.com identicons.github.com collector.githubapp.com github-cloud.s3.amazonaws.com user-images.githubusercontent.com/ *.githubusercontent.com; manifest-src 'self'; media-src 'none'; script-src github.githubassets.com; style-src 'unsafe-inline' github.githubassets.com; worker-src github.com/socket-worker-5029ae85.js gist.github.com/socket-worker-5029ae85.js","x-github-request-id":"E514:40E6:3A8060:468589:602C718C"}
[debug] [2021-02-17T01:29:48.698Z] >>> [apiv2][query] GET https://api.github.com/user [none]
[debug] [2021-02-17T01:29:48.899Z] <<< [apiv2][status] GET https://api.github.com/user 200
[debug] [2021-02-17T01:29:48.899Z] <<< [apiv2][body] GET https://api.github.com/user {"login":"scottmc500","id":6444566,"node_id":"MDQ6VXNlcjY0NDQ1NjY=","avatar_url":"https://avatars.githubusercontent.com/u/6444566?v=4","gravatar_id":"","url":"https://api.github.com/users/scottmc500","html_url":"https://github.com/scottmc500","followers_url":"https://api.github.com/users/scottmc500/followers","following_url":"https://api.github.com/users/scottmc500/following{/other_user}","gists_url":"https://api.github.com/users/scottmc500/gists{/gist_id}","starred_url":"https://api.github.com/users/scottmc500/starred{/owner}{/repo}","subscriptions_url":"https://api.github.com/users/scottmc500/subscriptions","organizations_url":"https://api.github.com/users/scottmc500/orgs","repos_url":"https://api.github.com/users/scottmc500/repos","events_url":"https://api.github.com/users/scottmc500/events{/privacy}","received_events_url":"https://api.github.com/users/scottmc500/received_events","type":"User","site_admin":false,"name":"Scott McHenry","company":"JPMorgan Chase","blog":"https://www.linkedin.com/in/scottmmchenry/","location":"Wilmington, DE","email":"smchenry2014@gmail.com","hireable":null,"bio":null,"twitter_username":null,"public_repos":1,"public_gists":0,"followers":0,"following":1,"created_at":"2014-01-19T18:13:12Z","updated_at":"2021-02-17T00:46:28Z","private_gists":0,"total_private_repos":0,"owned_private_repos":0,"disk_usage":0,"collaborators":0,"two_factor_authentication":false,"plan":{"name":"free","space":976562499,"collaborators":0,"private_repos":10000}}
[info] 
[info] ✔  Success! Logged into GitHub as scottmc500 
[info] 
[debug] [2021-02-17T01:29:58.927Z] >>> [apiv2][query] GET https://api.github.com/repos/phorward-org/phorward.org/actions/secrets/public-key type=owner
[debug] [2021-02-17T01:29:59.057Z] <<< [apiv2][status] GET https://api.github.com/repos/phorward-org/phorward.org/actions/secrets/public-key 403
[debug] [2021-02-17T01:29:59.058Z] <<< [apiv2][body] GET https://api.github.com/repos/phorward-org/phorward.org/actions/secrets/public-key {"message":"Must have admin rights to Repository.","documentation_url":"https://docs.github.com/rest/reference/actions#get-a-repository-public-key"}
